
================================================================
Generated sequences in file: /home/alfaceor/Dropbox/PosDoc/IGoR/dev/MyGithub/pygor3/notebooks/dataIGoR4jwrKCeYQA_generated/generated_seqs_werr.csv
Generated sequences realizations in file: /home/alfaceor/Dropbox/PosDoc/IGoR/dev/MyGithub/pygor3/notebooks/dataIGoR4jwrKCeYQA_generated/generated_realizations_werr.csv
Date: Thu Sep 17 14:39:33 2020

Number of sequences = 5
Generated with errors = 1
Seed  = 347362215924448081

================================================================
Generated sequences in file: /home/alfaceor/Dropbox/PosDoc/IGoR/dev/MyGithub/pygor3/notebooks/dataIGoR4jwrKCeYQA_generated/generated_seqs_werr.csv
Generated sequences realizations in file: /home/alfaceor/Dropbox/PosDoc/IGoR/dev/MyGithub/pygor3/notebooks/dataIGoR4jwrKCeYQA_generated/generated_realizations_werr.csv
Date: Thu Sep 17 14:39:38 2020

Number of sequences = 5
Generated with errors = 1
Seed  = 492030478721666190

================================================================
Generated sequences in file: /home/alfaceor/Dropbox/PosDoc/IGoR/dev/MyGithub/pygor3/notebooks/dataIGoR4jwrKCeYQA_generated/generated_seqs_werr.csv
Generated sequences realizations in file: /home/alfaceor/Dropbox/PosDoc/IGoR/dev/MyGithub/pygor3/notebooks/dataIGoR4jwrKCeYQA_generated/generated_realizations_werr.csv
Date: Thu Sep 17 14:39:42 2020

Number of sequences = 5
Generated with errors = 1
Seed  = 17244279803915278121

================================================================
Generated sequences in file: /home/alfaceor/Dropbox/PosDoc/IGoR/dev/MyGithub/pygor3/notebooks/dataIGoR4jwrKCeYQA_generated/generated_seqs_werr.csv
Generated sequences realizations in file: /home/alfaceor/Dropbox/PosDoc/IGoR/dev/MyGithub/pygor3/notebooks/dataIGoR4jwrKCeYQA_generated/generated_realizations_werr.csv
Date: Thu Sep 17 14:39:55 2020

Number of sequences = 5
Generated with errors = 1
Seed  = 218923335643673292

================================================================
Generated sequences in file: /home/alfaceor/Dropbox/PosDoc/IGoR/dev/MyGithub/pygor3/notebooks/dataIGoR4jwrKCeYQA_generated/generated_seqs_werr.csv
Generated sequences realizations in file: /home/alfaceor/Dropbox/PosDoc/IGoR/dev/MyGithub/pygor3/notebooks/dataIGoR4jwrKCeYQA_generated/generated_realizations_werr.csv
Date: Thu Sep 17 14:40:03 2020

Number of sequences = 5
Generated with errors = 1
Seed  = 395967566813293964

================================================================
Generated sequences in file: /home/alfaceor/Dropbox/PosDoc/IGoR/dev/MyGithub/pygor3/notebooks/dataIGoR4jwrKCeYQA_generated/generated_seqs_werr.csv
Generated sequences realizations in file: /home/alfaceor/Dropbox/PosDoc/IGoR/dev/MyGithub/pygor3/notebooks/dataIGoR4jwrKCeYQA_generated/generated_realizations_werr.csv
Date: Thu Sep 17 14:40:24 2020

Number of sequences = 5
Generated with errors = 1
Seed  = 10714107533146656601
